<?xml version="1.0" encoding="UTF-8"?>
<testsuite xmlns:xsi="http://www.w3.org/2001/XMLSchema-instance" xsi:noNamespaceSchemaLocation="https://maven.apache.org/surefire/maven-surefire-plugin/xsd/surefire-test-report-3.0.xsd" version="3.0" name="test.java.br.edu.ifpe.service.AlunoServiceTest" time="0.045" tests="6" errors="0" skipped="0" failures="0">
  <properties>
    <property name="java.specification.version" value="21"/>
    <property name="sun.cpu.isalist" value="amd64"/>
    <property name="sun.jnu.encoding" value="Cp1252"/>
    <property name="java.class.path" value="C:\Users\Anderson Guilherme\Documents\IFPE\2024.2\Atividade Wilmar\testeJUnit\target\test-classes;C:\Users\Anderson Guilherme\Documents\IFPE\2024.2\Atividade Wilmar\testeJUnit\target\classes;C:\Users\Anderson Guilherme\.m2\repository\org\junit\jupiter\junit-jupiter-api\5.9.2\junit-jupiter-api-5.9.2.jar;C:\Users\Anderson Guilherme\.m2\repository\org\opentest4j\opentest4j\1.2.0\opentest4j-1.2.0.jar;C:\Users\Anderson Guilherme\.m2\repository\org\junit\platform\junit-platform-commons\1.9.2\junit-platform-commons-1.9.2.jar;C:\Users\Anderson Guilherme\.m2\repository\org\apiguardian\apiguardian-api\1.1.2\apiguardian-api-1.1.2.jar;C:\Users\Anderson Guilherme\.m2\repository\org\junit\jupiter\junit-jupiter-engine\5.9.2\junit-jupiter-engine-5.9.2.jar;C:\Users\Anderson Guilherme\.m2\repository\org\junit\platform\junit-platform-engine\1.9.2\junit-platform-engine-1.9.2.jar;"/>
    <property name="java.vm.vendor" value="Eclipse Adoptium"/>
    <property name="sun.arch.data.model" value="64"/>
    <property name="user.variant" value=""/>
    <property name="java.vendor.url" value="https://adoptium.net/"/>
    <property name="user.timezone" value="America/Sao_Paulo"/>
    <property name="os.name" value="Windows 11"/>
    <property name="java.vm.specification.version" value="21"/>
    <property name="sun.java.launcher" value="SUN_STANDARD"/>
    <property name="user.country" value="BR"/>
    <property name="sun.boot.library.path" value="C:\Program Files\Eclipse Adoptium\jdk-21.0.1.12-hotspot\bin"/>
    <property name="sun.java.command" value="C:\Users\Anderson Guilherme\AppData\Local\Temp\surefire11732140764459474930\surefirebooter-20250213225217531_3.jar C:\Users\Anderson Guilherme\AppData\Local\Temp\surefire11732140764459474930 2025-02-13T22-52-17_412-jvmRun1 surefire-20250213225217531_1tmp surefire_0-20250213225217531_2tmp"/>
    <property name="jdk.debug" value="release"/>
    <property name="surefire.test.class.path" value="C:\Users\Anderson Guilherme\Documents\IFPE\2024.2\Atividade Wilmar\testeJUnit\target\test-classes;C:\Users\Anderson Guilherme\Documents\IFPE\2024.2\Atividade Wilmar\testeJUnit\target\classes;C:\Users\Anderson Guilherme\.m2\repository\org\junit\jupiter\junit-jupiter-api\5.9.2\junit-jupiter-api-5.9.2.jar;C:\Users\Anderson Guilherme\.m2\repository\org\opentest4j\opentest4j\1.2.0\opentest4j-1.2.0.jar;C:\Users\Anderson Guilherme\.m2\repository\org\junit\platform\junit-platform-commons\1.9.2\junit-platform-commons-1.9.2.jar;C:\Users\Anderson Guilherme\.m2\repository\org\apiguardian\apiguardian-api\1.1.2\apiguardian-api-1.1.2.jar;C:\Users\Anderson Guilherme\.m2\repository\org\junit\jupiter\junit-jupiter-engine\5.9.2\junit-jupiter-engine-5.9.2.jar;C:\Users\Anderson Guilherme\.m2\repository\org\junit\platform\junit-platform-engine\1.9.2\junit-platform-engine-1.9.2.jar;"/>
    <property name="sun.cpu.endian" value="little"/>
    <property name="user.home" value="C:\Users\Anderson Guilherme"/>
    <property name="user.language" value="pt"/>
    <property name="java.specification.vendor" value="Oracle Corporation"/>
    <property name="java.version.date" value="2023-10-17"/>
    <property name="java.home" value="C:\Program Files\Eclipse Adoptium\jdk-21.0.1.12-hotspot"/>
    <property name="file.separator" value="\"/>
    <property name="basedir" value="C:\Users\Anderson Guilherme\Documents\IFPE\2024.2\Atividade Wilmar\testeJUnit"/>
    <property name="java.vm.compressedOopsMode" value="Zero based"/>
    <property name="line.separator" value="&#10;"/>
    <property name="java.vm.specification.vendor" value="Oracle Corporation"/>
    <property name="java.specification.name" value="Java Platform API Specification"/>
    <property name="surefire.real.class.path" value="C:\Users\Anderson Guilherme\AppData\Local\Temp\surefire11732140764459474930\surefirebooter-20250213225217531_3.jar"/>
    <property name="user.script" value=""/>
    <property name="sun.management.compiler" value="HotSpot 64-Bit Tiered Compilers"/>
    <property name="java.runtime.version" value="21.0.1+12-LTS"/>
    <property name="user.name" value="Anderson Guilherme"/>
    <property name="stdout.encoding" value="Cp1252"/>
    <property name="path.separator" value=";"/>
    <property name="os.version" value="10.0"/>
    <property name="java.runtime.name" value="OpenJDK Runtime Environment"/>
    <property name="file.encoding" value="UTF-8"/>
    <property name="java.vm.name" value="OpenJDK 64-Bit Server VM"/>
    <property name="java.vendor.version" value="Temurin-21.0.1+12"/>
    <property name="localRepository" value="C:\Users\Anderson Guilherme\.m2\repository"/>
    <property name="java.vendor.url.bug" value="https://github.com/adoptium/adoptium-support/issues"/>
    <property name="java.io.tmpdir" value="C:\Users\ANDERS~1\AppData\Local\Temp\"/>
    <property name="java.version" value="21.0.1"/>
    <property name="user.dir" value="C:\Users\Anderson Guilherme\Documents\IFPE\2024.2\Atividade Wilmar\testeJUnit"/>
    <property name="os.arch" value="amd64"/>
    <property name="java.vm.specification.name" value="Java Virtual Machine Specification"/>
    <property name="sun.os.patch.level" value=""/>
    <property name="native.encoding" value="Cp1252"/>
    <property name="java.library.path" value="C:\Program Files\Eclipse Adoptium\jdk-21.0.1.12-hotspot\bin;C:\WINDOWS\Sun\Java\bin;C:\WINDOWS\system32;C:\WINDOWS;C:\Python313\Scripts\;C:\Python313\;C:\Program Files\Eclipse Adoptium\jdk-21.0.1.12-hotspot\bin;C:\Python311\Scripts\;C:\Python311\;C:\WINDOWS\system32;C:\WINDOWS;C:\WINDOWS\System32\Wbem;C:\WINDOWS\System32\WindowsPowerShell\v1.0\;C:\WINDOWS\System32\OpenSSH\;C:\MinGW\bin;C:\ProgramData\chocolatey\bin;C:\Program Files\dotnet\;C:\Program Files (x86)\BaseX\bin;C:\Program Files\PuTTY\;C:\Program Files\Git\cmd;C:\Program Files\apache-maven-3.9.9\bin;;C:\Program Files\Docker\Docker\resources\bin;C:\Program Files\nodejs\;C:\Program Files\MySQL\MySQL Shell 8.0\bin\;C:\Users\Anderson Guilherme\AppData\Local\Microsoft\WindowsApps;C:\Users\Anderson Guilherme\AppData\Local\Programs\Microsoft VS Code\bin;C:\Users\Anderson Guilherme\AppData\Local\JetBrains\IntelliJ IDEA Community Edition 2023.1.3\bin;C:\apache-maven-3.9.6\bin;C:\Program Files\JetBrains\PyCharm Community Edition 2024.2.2\bin;C:\Users\Anderson Guilherme\AppData\Local\JetBrains\Toolbox\scripts;;C:\Users\Anderson Guilherme\AppData\Local\Microsoft\WindowsApps;C:\Users\Anderson Guilherme\AppData\Roaming\npm;C:\Users\Anderson Guilherme\AppData\Local\Programs\Ollama;c:\Users\Anderson Guilherme\AppData\Roaming\Code\User\globalStorage\github.copilot-chat\debugCommand;."/>
    <property name="java.vm.info" value="mixed mode, sharing"/>
    <property name="stderr.encoding" value="Cp1252"/>
    <property name="java.vendor" value="Eclipse Adoptium"/>
    <property name="java.vm.version" value="21.0.1+12-LTS"/>
    <property name="sun.io.unicode.encoding" value="UnicodeLittle"/>
    <property name="java.class.version" value="65.0"/>
  </properties>
  <testcase name="testAdicionarAlunoIdEmBranco" classname="test.java.br.edu.ifpe.service.AlunoServiceTest" time="0.021"/>
  <testcase name="testAdicionarAlunoValido" classname="test.java.br.edu.ifpe.service.AlunoServiceTest" time="0.001"/>
  <testcase name="testAdicionarAlunoInvalido" classname="test.java.br.edu.ifpe.service.AlunoServiceTest" time="0.001"/>
  <testcase name="testMatricularAlunoEmDisciplinaAlunoNaoEncontrado" classname="test.java.br.edu.ifpe.service.AlunoServiceTest" time="0.001"/>
  <testcase name="testMatricularAlunoEmDisciplina" classname="test.java.br.edu.ifpe.service.AlunoServiceTest" time="0.002"/>
  <testcase name="testAdicionarAlunoNomeEmBranco" classname="test.java.br.edu.ifpe.service.AlunoServiceTest" time="0.001"/>
</testsuite>